<?xml version="1.0" encoding="UTF-8"?>
<!-- Generated by org.testng.reporters.JUnitXMLReporter -->
<testsuite hostname="Testing-67" name="testgit" tests="1" failures="1" timestamp="14 Jun 2017 11:36:55 GMT" time="21.783" errors="0">
  <testcase name="test" time="9.079" classname="test.test.testgit">
    <failure type="java.lang.AssertionError" message="expected [Uma] but found [uma]">
      <![CDATA[java.lang.AssertionError: expected [Uma] but found [uma]
	at test.test.testgit.test(testgit.java:37)
... Removed 29 stack frames]]>
    </failure>
  </testcase> <!-- test -->
</testsuite> <!-- testgit -->
