<?xml version="1.0" encoding="UTF-8"?>
<testng-results skipped="0" failed="0" total="1" passed="1">
  <reporter-output>
  </reporter-output>
  <suite name="Example test run" duration-ms="29321" started-at="2017-06-14T07:27:49Z" finished-at="2017-06-14T07:28:18Z">
    <groups>
    </groups>
    <test name="testgit" duration-ms="29321" started-at="2017-06-14T07:27:49Z" finished-at="2017-06-14T07:28:18Z">
      <class name="test.test.testgit">
        <test-method status="PASS" signature="browserlaunch()[pri:0, instance:test.test.testgit@c273d3]" name="browserlaunch" is-config="true" duration-ms="16369" started-at="2017-06-14T12:57:49Z" finished-at="2017-06-14T12:58:05Z">
          <reporter-output>
          </reporter-output>
        </test-method> <!-- browserlaunch -->
        <test-method status="PASS" signature="test()[pri:0, instance:test.test.testgit@c273d3]" name="test" duration-ms="10925" started-at="2017-06-14T12:58:05Z" finished-at="2017-06-14T12:58:16Z">
          <reporter-output>
          </reporter-output>
        </test-method> <!-- test -->
        <test-method status="PASS" signature="teardown()[pri:0, instance:test.test.testgit@c273d3]" name="teardown" is-config="true" duration-ms="2005" started-at="2017-06-14T12:58:16Z" finished-at="2017-06-14T12:58:18Z">
          <reporter-output>
          </reporter-output>
        </test-method> <!-- teardown -->
      </class> <!-- test.test.testgit -->
    </test> <!-- testgit -->
  </suite> <!-- Example test run -->
</testng-results>
